c:\users\speed mt5811\desktop\new ids\ids_manets_workspace\src\simulation\dsr\x64\debug\vc142.pdb
c:\users\speed mt5811\desktop\new ids\ids_manets_workspace\src\simulation\dsr\x64\debug\vc142.idb
c:\users\speed mt5811\desktop\new ids\ids_manets_workspace\src\simulation\dsr\x64\debug\sourceroute.obj
c:\users\speed mt5811\desktop\new ids\ids_manets_workspace\src\simulation\dsr\x64\debug\sendbuffer.obj
c:\users\speed mt5811\desktop\new ids\ids_manets_workspace\src\simulation\dsr\x64\debug\routerequest.obj
c:\users\speed mt5811\desktop\new ids\ids_manets_workspace\src\simulation\dsr\x64\debug\routereply.obj
c:\users\speed mt5811\desktop\new ids\ids_manets_workspace\src\simulation\dsr\x64\debug\routeerror.obj
c:\users\speed mt5811\desktop\new ids\ids_manets_workspace\src\simulation\dsr\x64\debug\routecache.obj
c:\users\speed mt5811\desktop\new ids\ids_manets_workspace\src\simulation\dsr\x64\debug\pathrater.obj
c:\users\speed mt5811\desktop\new ids\ids_manets_workspace\src\simulation\dsr\x64\debug\packetprocessing.obj
c:\users\speed mt5811\desktop\new ids\ids_manets_workspace\src\simulation\dsr\x64\debug\network_layer_ack.obj
c:\users\speed mt5811\desktop\new ids\ids_manets_workspace\src\simulation\dsr\x64\debug\malicious.obj
c:\users\speed mt5811\desktop\new ids\ids_manets_workspace\src\simulation\dsr\x64\debug\maintbuffer.obj
c:\users\speed mt5811\desktop\new ids\ids_manets_workspace\src\simulation\dsr\x64\debug\dsr.obj
c:\users\speed mt5811\desktop\new ids\ids_manets_workspace\src\simulation\dsr\x64\debug\checkroutefound.obj
c:\users\speed mt5811\desktop\new ids\ids_manets_workspace\src\simulation\lib_x64\libdsr.lib
c:\users\speed mt5811\desktop\new ids\ids_manets_workspace\src\simulation\lib_x64\libdsr.exp
c:\users\speed mt5811\desktop\new ids\ids_manets_workspace\bin\bin_x64\libdsr.dll
c:\users\speed mt5811\desktop\new ids\ids_manets_workspace\bin\bin_x64\dsr.pdb
c:\users\speed mt5811\desktop\new ids\ids_manets_workspace\src\simulation\dsr\x64\debug\dsr.tlog\cl.command.1.tlog
c:\users\speed mt5811\desktop\new ids\ids_manets_workspace\src\simulation\dsr\x64\debug\dsr.tlog\cl.read.1.tlog
c:\users\speed mt5811\desktop\new ids\ids_manets_workspace\src\simulation\dsr\x64\debug\dsr.tlog\cl.write.1.tlog
c:\users\speed mt5811\desktop\new ids\ids_manets_workspace\src\simulation\dsr\x64\debug\dsr.tlog\dsr.write.1u.tlog
c:\users\speed mt5811\desktop\new ids\ids_manets_workspace\src\simulation\dsr\x64\debug\dsr.tlog\link.command.1.tlog
c:\users\speed mt5811\desktop\new ids\ids_manets_workspace\src\simulation\dsr\x64\debug\dsr.tlog\link.read.1.tlog
c:\users\speed mt5811\desktop\new ids\ids_manets_workspace\src\simulation\dsr\x64\debug\dsr.tlog\link.write.1.tlog
